<?xml version="1.0" encoding="UTF-8"?>
<testng-results ignored="0" total="1" passed="1" failed="0" skipped="0">
  <reporter-output>
  </reporter-output>
  <suite started-at="2025-01-28T22:47:33 IST" name="Default suite" finished-at="2025-01-28T22:47:36 IST" duration-ms="3378">
    <groups>
    </groups>
    <test started-at="2025-01-28T22:47:33 IST" name="Default test" finished-at="2025-01-28T22:47:36 IST" duration-ms="3378">
      <class name="testcases.LaunchBrowser">
        <test-method signature="m2()[pri:0, instance:testcases.LaunchBrowser@206a70ef]" started-at="2025-01-28T22:47:33 IST" name="m2" finished-at="2025-01-28T22:47:36 IST" duration-ms="3334" status="PASS">
          <reporter-output>
          </reporter-output>
        </test-method> <!-- m2 -->
      </class> <!-- testcases.LaunchBrowser -->
    </test> <!-- Default test -->
  </suite> <!-- Default suite -->
</testng-results>
