<?xml version="1.0" encoding="UTF-8"?>
<testng-results ignored="0" total="1" passed="1" failed="0" skipped="0">
  <reporter-output>
  </reporter-output>
  <suite started-at="2025-02-04T22:38:43 IST" name="Default suite" finished-at="2025-02-04T22:38:45 IST" duration-ms="2114">
    <groups>
    </groups>
    <test started-at="2025-02-04T22:38:43 IST" name="Default test" finished-at="2025-02-04T22:38:45 IST" duration-ms="2114">
      <class name="com.w2a.testcases.LoginTest">
        <test-method is-config="true" signature="setUp()[pri:0, instance:com.w2a.testcases.LoginTest@587e5365]" started-at="2025-02-04T22:38:39 IST" name="setUp" finished-at="2025-02-04T22:38:43 IST" duration-ms="3283" status="PASS">
          <reporter-output>
          </reporter-output>
        </test-method> <!-- setUp -->
        <test-method signature="loginAsBankManager()[pri:0, instance:com.w2a.testcases.LoginTest@587e5365]" started-at="2025-02-04T22:38:43 IST" name="loginAsBankManager" finished-at="2025-02-04T22:38:45 IST" duration-ms="2075" status="PASS">
          <reporter-output>
          </reporter-output>
        </test-method> <!-- loginAsBankManager -->
        <test-method is-config="true" signature="tearDown()[pri:0, instance:com.w2a.testcases.LoginTest@587e5365]" started-at="2025-02-04T22:38:45 IST" name="tearDown" finished-at="2025-02-04T22:38:45 IST" duration-ms="2" status="PASS">
          <reporter-output>
          </reporter-output>
        </test-method> <!-- tearDown -->
      </class> <!-- com.w2a.testcases.LoginTest -->
    </test> <!-- Default test -->
  </suite> <!-- Default suite -->
</testng-results>
